app/build/intermediates/manifest_merge_blame_file/debug/manifest-merger-blame-debug-report.txt
1<?xml version="1.0" encoding="utf-8"?>
2<manifest xmlns:android="http://schemas.android.com/apk/res/android"
3    package="com.example.myapplication"
4    android:versionCode="1"
5    android:versionName="1.0" >
6
7    <uses-sdk
8        android:minSdkVersion="31"
9        android:targetSdkVersion="34" />
10
11    <uses-permission android:name="android.permission.INTERNET" />
11-->src\main\AndroidManifest.xml:4:5-66
11-->src\main\AndroidManifest.xml:4:22-64
12    <uses-permission android:name="android.permission.ACCESS_FINE_LOCATION" />
12-->src\main\AndroidManifest.xml:5:5-78
12-->src\main\AndroidManifest.xml:5:22-76
13    <uses-permission android:name="android.permission.ACCESS_COARSE_LOCATION" />
13-->src\main\AndroidManifest.xml:6:5-80
13-->src\main\AndroidManifest.xml:6:22-78
14
15    <supports-screens
15-->[org.osmdroid:osmdroid-android:6.1.20] AndroidManifest.xml:9:5-12:40
16        android:anyDensity="true"
16-->[org.osmdroid:osmdroid-android:6.1.20] AndroidManifest.xml:10:9-34
17        android:largeScreens="true"
17-->[org.osmdroid:osmdroid-android:6.1.20] AndroidManifest.xml:11:9-36
18        android:normalScreens="true" />
18-->[org.osmdroid:osmdroid-android:6.1.20] AndroidManifest.xml:12:9-37
19
20    <uses-feature
20-->[org.osmdroid:osmdroid-android:6.1.20] AndroidManifest.xml:14:5-16:36
21        android:name="android.hardware.location.network"
21-->[org.osmdroid:osmdroid-android:6.1.20] AndroidManifest.xml:15:9-57
22        android:required="false" />
22-->[org.osmdroid:osmdroid-android:6.1.20] AndroidManifest.xml:16:9-33
23    <uses-feature
23-->[org.osmdroid:osmdroid-android:6.1.20] AndroidManifest.xml:17:5-19:36
24        android:name="android.hardware.location.gps"
24-->[org.osmdroid:osmdroid-android:6.1.20] AndroidManifest.xml:18:9-53
25        android:required="false" />
25-->[org.osmdroid:osmdroid-android:6.1.20] AndroidManifest.xml:19:9-33
26    <uses-feature
26-->[org.osmdroid:osmdroid-android:6.1.20] AndroidManifest.xml:20:5-22:36
27        android:name="android.hardware.telephony"
27-->[org.osmdroid:osmdroid-android:6.1.20] AndroidManifest.xml:21:9-50
28        android:required="false" />
28-->[org.osmdroid:osmdroid-android:6.1.20] AndroidManifest.xml:22:9-33
29    <uses-feature
29-->[org.osmdroid:osmdroid-android:6.1.20] AndroidManifest.xml:23:5-25:36
30        android:name="android.hardware.wifi"
30-->[org.osmdroid:osmdroid-android:6.1.20] AndroidManifest.xml:24:9-45
31        android:required="false" />
31-->[org.osmdroid:osmdroid-android:6.1.20] AndroidManifest.xml:25:9-33
32
33    <permission
33-->[androidx.core:core:1.9.0] AndroidManifest.xml:22:5-24:47
34        android:name="com.example.myapplication.DYNAMIC_RECEIVER_NOT_EXPORTED_PERMISSION"
34-->[androidx.core:core:1.9.0] AndroidManifest.xml:23:9-81
35        android:protectionLevel="signature" />
35-->[androidx.core:core:1.9.0] AndroidManifest.xml:24:9-44
36
37    <uses-permission android:name="com.example.myapplication.DYNAMIC_RECEIVER_NOT_EXPORTED_PERMISSION" />
37-->[androidx.core:core:1.9.0] AndroidManifest.xml:26:5-97
37-->[androidx.core:core:1.9.0] AndroidManifest.xml:26:22-94
38
39    <application
39-->src\main\AndroidManifest.xml:9:5-31:19
40        android:allowBackup="true"
40-->src\main\AndroidManifest.xml:10:9-35
41        android:appComponentFactory="androidx.core.app.CoreComponentFactory"
41-->[androidx.core:core:1.9.0] AndroidManifest.xml:28:18-86
42        android:dataExtractionRules="@xml/data_extraction_rules"
42-->src\main\AndroidManifest.xml:11:9-65
43        android:debuggable="true"
44        android:extractNativeLibs="false"
45        android:fullBackupContent="@xml/backup_rules"
45-->src\main\AndroidManifest.xml:12:9-54
46        android:icon="@mipmap/ic_launcher"
46-->src\main\AndroidManifest.xml:13:9-43
47        android:label="@string/app_name"
47-->src\main\AndroidManifest.xml:14:9-41
48        android:roundIcon="@mipmap/ic_launcher_round"
48-->src\main\AndroidManifest.xml:15:9-54
49        android:supportsRtl="true"
49-->src\main\AndroidManifest.xml:16:9-35
50        android:testOnly="true"
51        android:theme="@style/Theme.MyApplication" >
51-->src\main\AndroidManifest.xml:17:9-51
52        <activity
52-->src\main\AndroidManifest.xml:19:9-27:20
53            android:name="com.example.myapplication.MainActivity"
53-->src\main\AndroidManifest.xml:20:13-41
54            android:exported="true" >
54-->src\main\AndroidManifest.xml:21:13-36
55            <intent-filter>
55-->src\main\AndroidManifest.xml:22:13-26:29
56                <action android:name="android.intent.action.MAIN" />
56-->src\main\AndroidManifest.xml:23:17-69
56-->src\main\AndroidManifest.xml:23:25-66
57
58                <category android:name="android.intent.category.LAUNCHER" />
58-->src\main\AndroidManifest.xml:25:17-77
58-->src\main\AndroidManifest.xml:25:27-74
59            </intent-filter>
60        </activity>
61        <activity android:name="com.example.myapplication.AccesoActivity" />
61-->src\main\AndroidManifest.xml:28:9-61
61-->src\main\AndroidManifest.xml:28:19-49
62        <activity android:name="com.example.myapplication.CargaVideo" />
62-->src\main\AndroidManifest.xml:29:9-57
62-->src\main\AndroidManifest.xml:29:19-45
63
64        <provider
64-->[androidx.emoji2:emoji2:1.2.0] AndroidManifest.xml:24:9-32:20
65            android:name="androidx.startup.InitializationProvider"
65-->[androidx.emoji2:emoji2:1.2.0] AndroidManifest.xml:25:13-67
66            android:authorities="com.example.myapplication.androidx-startup"
66-->[androidx.emoji2:emoji2:1.2.0] AndroidManifest.xml:26:13-68
67            android:exported="false" >
67-->[androidx.emoji2:emoji2:1.2.0] AndroidManifest.xml:27:13-37
68            <meta-data
68-->[androidx.emoji2:emoji2:1.2.0] AndroidManifest.xml:29:13-31:52
69                android:name="androidx.emoji2.text.EmojiCompatInitializer"
69-->[androidx.emoji2:emoji2:1.2.0] AndroidManifest.xml:30:17-75
70                android:value="androidx.startup" />
70-->[androidx.emoji2:emoji2:1.2.0] AndroidManifest.xml:31:17-49
71            <meta-data
71-->[androidx.lifecycle:lifecycle-process:2.6.1] AndroidManifest.xml:29:13-31:52
72                android:name="androidx.lifecycle.ProcessLifecycleInitializer"
72-->[androidx.lifecycle:lifecycle-process:2.6.1] AndroidManifest.xml:30:17-78
73                android:value="androidx.startup" />
73-->[androidx.lifecycle:lifecycle-process:2.6.1] AndroidManifest.xml:31:17-49
74            <meta-data
74-->[androidx.profileinstaller:profileinstaller:1.3.0] AndroidManifest.xml:29:13-31:52
75                android:name="androidx.profileinstaller.ProfileInstallerInitializer"
75-->[androidx.profileinstaller:profileinstaller:1.3.0] AndroidManifest.xml:30:17-85
76                android:value="androidx.startup" />
76-->[androidx.profileinstaller:profileinstaller:1.3.0] AndroidManifest.xml:31:17-49
77        </provider>
78
79        <receiver
79-->[androidx.profileinstaller:profileinstaller:1.3.0] AndroidManifest.xml:34:9-52:20
80            android:name="androidx.profileinstaller.ProfileInstallReceiver"
80-->[androidx.profileinstaller:profileinstaller:1.3.0] AndroidManifest.xml:35:13-76
81            android:directBootAware="false"
81-->[androidx.profileinstaller:profileinstaller:1.3.0] AndroidManifest.xml:36:13-44
82            android:enabled="true"
82-->[androidx.profileinstaller:profileinstaller:1.3.0] AndroidManifest.xml:37:13-35
83            android:exported="true"
83-->[androidx.profileinstaller:profileinstaller:1.3.0] AndroidManifest.xml:38:13-36
84            android:permission="android.permission.DUMP" >
84-->[androidx.profileinstaller:profileinstaller:1.3.0] AndroidManifest.xml:39:13-57
85            <intent-filter>
85-->[androidx.profileinstaller:profileinstaller:1.3.0] AndroidManifest.xml:40:13-42:29
86                <action android:name="androidx.profileinstaller.action.INSTALL_PROFILE" />
86-->[androidx.profileinstaller:profileinstaller:1.3.0] AndroidManifest.xml:41:17-91
86-->[androidx.profileinstaller:profileinstaller:1.3.0] AndroidManifest.xml:41:25-88
87            </intent-filter>
88            <intent-filter>
88-->[androidx.profileinstaller:profileinstaller:1.3.0] AndroidManifest.xml:43:13-45:29
89                <action android:name="androidx.profileinstaller.action.SKIP_FILE" />
89-->[androidx.profileinstaller:profileinstaller:1.3.0] AndroidManifest.xml:44:17-85
89-->[androidx.profileinstaller:profileinstaller:1.3.0] AndroidManifest.xml:44:25-82
90            </intent-filter>
91            <intent-filter>
91-->[androidx.profileinstaller:profileinstaller:1.3.0] AndroidManifest.xml:46:13-48:29
92                <action android:name="androidx.profileinstaller.action.SAVE_PROFILE" />
92-->[androidx.profileinstaller:profileinstaller:1.3.0] AndroidManifest.xml:47:17-88
92-->[androidx.profileinstaller:profileinstaller:1.3.0] AndroidManifest.xml:47:25-85
93            </intent-filter>
94            <intent-filter>
94-->[androidx.profileinstaller:profileinstaller:1.3.0] AndroidManifest.xml:49:13-51:29
95                <action android:name="androidx.profileinstaller.action.BENCHMARK_OPERATION" />
95-->[androidx.profileinstaller:profileinstaller:1.3.0] AndroidManifest.xml:50:17-95
95-->[androidx.profileinstaller:profileinstaller:1.3.0] AndroidManifest.xml:50:25-92
96            </intent-filter>
97        </receiver>
98    </application>
99
100</manifest>